<?xml version="1.0" encoding="UTF-8"?>
<testsuite name="com.bellanger.technical_test.TechnicalTestApplicationTests" tests="1" skipped="0" failures="0" errors="0" timestamp="2023-01-03T10:12:22" hostname="DESKTOP-88DRIN2" time="0.109">
  <properties/>
  <testcase name="retrieveUserById()" classname="com.bellanger.technical_test.TechnicalTestApplicationTests" time="0.109"/>
  <system-out><![CDATA[11:12:18.863 [Test worker] DEBUG org.springframework.boot.test.context.SpringBootTestContextBootstrapper - Neither @ContextConfiguration nor @ContextHierarchy found for test class [TechnicalTestApplicationTests]: using SpringBootContextLoader
11:12:18.867 [Test worker] DEBUG org.springframework.test.context.support.AbstractContextLoader - Could not detect default resource locations for test class [com.bellanger.technical_test.TechnicalTestApplicationTests]: no resource found for suffixes {-context.xml, Context.groovy}.
11:12:18.867 [Test worker] INFO org.springframework.test.context.support.AnnotationConfigContextLoaderUtils - Could not detect default configuration classes for test class [com.bellanger.technical_test.TechnicalTestApplicationTests]: TechnicalTestApplicationTests does not declare any static, non-private, non-final, nested classes annotated with @Configuration.
11:12:18.890 [Test worker] DEBUG org.springframework.boot.test.context.SpringBootTestContextBootstrapper - Using ContextCustomizers for test class [TechnicalTestApplicationTests]: [DisableObservabilityContextCustomizer, PropertyMappingContextCustomizer, Customizer, ExcludeFilterContextCustomizer, DuplicateJsonObjectContextCustomizer, MockitoContextCustomizer, TestRestTemplateContextCustomizer, MockServerContainerContextCustomizer]
11:12:18.937 [Test worker] DEBUG org.springframework.context.annotation.ClassPathScanningCandidateComponentProvider - Identified candidate component class: file [C:\Users\flore\Downloads\technical_test\technical_test\build\classes\java\main\com\bellanger\technical_test\TechnicalTestApplication.class]
11:12:18.937 [Test worker] INFO org.springframework.boot.test.context.SpringBootTestContextBootstrapper - Found @SpringBootConfiguration com.bellanger.technical_test.TechnicalTestApplication for test class com.bellanger.technical_test.TechnicalTestApplicationTests
11:12:19.018 [Test worker] DEBUG org.springframework.boot.test.context.SpringBootTestContextBootstrapper - Using TestExecutionListeners for test class [TechnicalTestApplicationTests]: [ServletTestExecutionListener, DirtiesContextBeforeModesTestExecutionListener, ApplicationEventsTestExecutionListener, MockitoTestExecutionListener, DependencyInjectionTestExecutionListener, DirtiesContextTestExecutionListener, TransactionalTestExecutionListener, SqlScriptsTestExecutionListener, EventPublishingTestExecutionListener, RestDocsTestExecutionListener, MockRestServiceServerResetTestExecutionListener, MockMvcPrintOnlyOnFailureTestExecutionListener, WebDriverTestExecutionListener, MockWebServiceServerTestExecutionListener, ResetMocksTestExecutionListener]

  .   ____          _            __ _ _
 /\\ / ___'_ __ _ _(_)_ __  __ _ \ \ \ \
( ( )\___ | '_ | '_| | '_ \/ _` | \ \ \ \
 \\/  ___)| |_)| | | | | || (_| |  ) ) ) )
  '  |____| .__|_| |_|_| |_\__, | / / / /
 =========|_|==============|___/=/_/_/_/
 :: Spring Boot ::                (v3.0.1)

2023-01-03T11:12:19.189+01:00  INFO 21012 --- [    Test worker] c.b.t.TechnicalTestApplicationTests      : Starting TechnicalTestApplicationTests using Java 19.0.1 with PID 21012 (started by flore in C:\Users\flore\Downloads\technical_test\technical_test)
2023-01-03T11:12:19.190+01:00  INFO 21012 --- [    Test worker] c.b.t.TechnicalTestApplicationTests      : No active profile set, falling back to 1 default profile: "default"
2023-01-03T11:12:19.576+01:00  INFO 21012 --- [    Test worker] .s.d.r.c.RepositoryConfigurationDelegate : Bootstrapping Spring Data JPA repositories in DEFAULT mode.
2023-01-03T11:12:19.620+01:00  INFO 21012 --- [    Test worker] .s.d.r.c.RepositoryConfigurationDelegate : Finished Spring Data repository scanning in 38 ms. Found 1 JPA repository interfaces.
2023-01-03T11:12:19.985+01:00  INFO 21012 --- [    Test worker] com.zaxxer.hikari.HikariDataSource       : HikariPool-1 - Starting...
2023-01-03T11:12:20.134+01:00  INFO 21012 --- [    Test worker] com.zaxxer.hikari.pool.HikariPool        : HikariPool-1 - Added connection conn0: url=jdbc:h2:mem:db user=ROOT
2023-01-03T11:12:20.135+01:00  INFO 21012 --- [    Test worker] com.zaxxer.hikari.HikariDataSource       : HikariPool-1 - Start completed.
2023-01-03T11:12:20.168+01:00  INFO 21012 --- [    Test worker] o.hibernate.jpa.internal.util.LogHelper  : HHH000204: Processing PersistenceUnitInfo [name: default]
2023-01-03T11:12:20.216+01:00  INFO 21012 --- [    Test worker] org.hibernate.Version                    : HHH000412: Hibernate ORM core version 6.1.6.Final
2023-01-03T11:12:20.343+01:00  WARN 21012 --- [    Test worker] org.hibernate.orm.deprecation            : HHH90000021: Encountered deprecated setting [javax.persistence.sharedCache.mode], use [jakarta.persistence.sharedCache.mode] instead
2023-01-03T11:12:20.436+01:00  INFO 21012 --- [    Test worker] SQL dialect                              : HHH000400: Using dialect: org.hibernate.dialect.H2Dialect
Hibernate: 
    
    drop table if exists usr cascade 
Hibernate: 
    
    create table usr (
       id bigint generated by default as identity,
        birthdate timestamp(6),
        country varchar(255),
        gender varchar(255),
        phone_number varchar(255),
        username varchar(255),
        primary key (id)
    )
2023-01-03T11:12:20.929+01:00  INFO 21012 --- [    Test worker] o.h.e.t.j.p.i.JtaPlatformInitiator       : HHH000490: Using JtaPlatform implementation: [org.hibernate.engine.transaction.jta.platform.internal.NoJtaPlatform]
2023-01-03T11:12:20.936+01:00  INFO 21012 --- [    Test worker] j.LocalContainerEntityManagerFactoryBean : Initialized JPA EntityManagerFactory for persistence unit 'default'
2023-01-03T11:12:21.439+01:00  WARN 21012 --- [    Test worker] JpaBaseConfiguration$JpaWebConfiguration : spring.jpa.open-in-view is enabled by default. Therefore, database queries may be performed during view rendering. Explicitly configure spring.jpa.open-in-view to disable this warning
2023-01-03T11:12:21.821+01:00  INFO 21012 --- [    Test worker] o.s.b.a.h2.H2ConsoleAutoConfiguration    : H2 console available at '/h2-console'. Database available at 'jdbc:h2:mem:db'
2023-01-03T11:12:21.903+01:00  INFO 21012 --- [    Test worker] c.b.t.TechnicalTestApplicationTests      : Started TechnicalTestApplicationTests in 2.856 seconds (process running for 3.635)
2023-01-03T11:12:22.113+01:00  INFO 21012 --- [    Test worker] o.s.mock.web.MockServletContext          : Initializing Spring TestDispatcherServlet ''
2023-01-03T11:12:22.113+01:00  INFO 21012 --- [    Test worker] o.s.t.web.servlet.TestDispatcherServlet  : Initializing Servlet ''
2023-01-03T11:12:22.116+01:00  INFO 21012 --- [    Test worker] o.s.t.web.servlet.TestDispatcherServlet  : Completed initialization in 2 ms
]]></system-out>
  <system-err><![CDATA[]]></system-err>
</testsuite>
